2021-04-28 19:40:14,779:WARNING:discord.client: PyNaCl is not installed, voice will NOT be supported
2021-04-28 19:40:14,784:DEBUG:discord.client: on_ready has successfully been registered as an event
2021-04-28 19:40:14,784:DEBUG:discord.client: on_message has successfully been registered as an event
2021-04-28 19:40:14,784:INFO:discord.client: logging in using static token
2021-04-28 19:40:15,129:DEBUG:discord.http: GET https://discord.com/api/v7/users/@me with None has returned 200
2021-04-28 19:40:15,130:DEBUG:discord.http: GET https://discord.com/api/v7/users/@me has received {'id': '836700323267084288', 'username': 'Foozie', 'avatar': None, 'discriminator': '5580', 'public_flags': 0, 'flags': 0, 'bot': True, 'locale': 'en-US', 'mfa_enabled': False, 'email': None, 'verified': True}
2021-04-28 19:40:15,174:DEBUG:discord.http: GET https://discord.com/api/v7/gateway with None has returned 200
2021-04-28 19:40:15,174:DEBUG:discord.http: GET https://discord.com/api/v7/gateway has received {'url': 'wss://gateway.discord.gg'}
2021-04-28 19:40:15,498:DEBUG:discord.gateway: Created websocket connected to wss://gateway.discord.gg?encoding=json&v=6&compress=zlib-stream
2021-04-28 19:40:15,498:DEBUG:discord.client: Dispatching event socket_raw_receive
2021-04-28 19:40:15,498:DEBUG:discord.gateway: For Shard ID None: WebSocket Event: {'t': None, 's': None, 'op': 10, 'd': {'heartbeat_interval': 41250, '_trace': ['["gateway-prd-main-1xmk",{"micros":0.0}]']}}
2021-04-28 19:40:15,498:DEBUG:discord.client: Dispatching event socket_response
2021-04-28 19:40:15,499:DEBUG:discord.client: Dispatching event socket_raw_send
2021-04-28 19:40:15,499:DEBUG:discord.client: Dispatching event socket_raw_send
2021-04-28 19:40:15,499:INFO:discord.gateway: Shard ID None has sent the IDENTIFY payload.
2021-04-28 19:40:15,653:DEBUG:discord.client: Dispatching event socket_raw_receive
2021-04-28 19:40:15,653:DEBUG:discord.gateway: For Shard ID None: WebSocket Event: {'t': None, 's': None, 'op': 11, 'd': None}
2021-04-28 19:40:15,653:DEBUG:discord.client: Dispatching event socket_response
2021-04-28 19:40:15,740:DEBUG:discord.client: Dispatching event socket_raw_receive
2021-04-28 19:40:15,740:DEBUG:discord.gateway: For Shard ID None: WebSocket Event: {'t': 'READY', 's': 1, 'op': 0, 'd': {'v': 6, 'user_settings': {}, 'user': {'verified': True, 'username': 'Foozie', 'mfa_enabled': False, 'id': '836700323267084288', 'flags': 0, 'email': None, 'discriminator': '5580', 'bot': True, 'avatar': None}, 'session_id': '5e6a369741b9182df0d0001fc6f229c8', 'relationships': [], 'private_channels': [], 'presences': [], 'guilds': [{'unavailable': True, 'id': '745397256169193493'}], 'guild_join_requests': [], 'geo_ordered_rtc_regions': ['russia', 'europe', 'india', 'us-east', 'us-central'], 'application': {'id': '836700323267084288', 'flags': 16384}, '_trace': ['["gateway-prd-main-1xmk",{"micros":73506,"calls":["discord-sessions-prd-2-86",{"micros":71956,"calls":["start_session",{"micros":53167,"calls":["api-prd-main-559j",{"micros":48587,"calls":["get_user",{"micros":3123},"add_authorized_ip",{"micros":3596},"get_guilds",{"micros":4422},"coros_wait",{"micros":1}]}]},"guilds_connect",{"micros":2,"calls":[]},"presence_connect",{"micros":17422,"calls":[]}]}]}]']}}
2021-04-28 19:40:15,740:DEBUG:discord.client: Dispatching event socket_response
2021-04-28 19:40:15,740:INFO:discord.gateway: Shard ID None has connected to Gateway: ["gateway-prd-main-1xmk",{"micros":73506,"calls":["discord-sessions-prd-2-86",{"micros":71956,"calls":["start_session",{"micros":53167,"calls":["api-prd-main-559j",{"micros":48587,"calls":["get_user",{"micros":3123},"add_authorized_ip",{"micros":3596},"get_guilds",{"micros":4422},"coros_wait",{"micros":1}]}]},"guilds_connect",{"micros":2,"calls":[]},"presence_connect",{"micros":17422,"calls":[]}]}]}] (Session ID: 5e6a369741b9182df0d0001fc6f229c8).
2021-04-28 19:40:15,745:DEBUG:discord.client: Dispatching event connect
2021-04-28 19:40:15,746:DEBUG:discord.client: Dispatching event socket_raw_receive
2021-04-28 19:40:15,746:DEBUG:discord.gateway: For Shard ID None: WebSocket Event: {'t': 'GUILD_CREATE', 's': 2, 'op': 0, 'd': {'system_channel_flags': 0, 'nsfw': False, 'unavailable': False, 'roles': [{'position': 0, 'permissions_new': '6546771521', 'permissions': 104320577, 'name': '@everyone', 'mentionable': False, 'managed': False, 'id': '745397256169193493', 'hoist': False, 'color': 0}, {'tags': {'bot_id': '745397467834613831'}, 'position': 1, 'permissions_new': '6442452992', 'permissions': 2048, 'name': 'tests21', 'mentionable': False, 'managed': True, 'id': '745397843602440344', 'hoist': False, 'color': 0}, {'position': 1, 'permissions_new': '6442451968', 'permissions': 1024, 'name': '[ Muted by Foozie ]', 'mentionable': False, 'managed': False, 'id': '747205063692386426', 'hoist': False, 'color': 0}, {'tags': {'bot_id': '836700323267084288'}, 'position': 1, 'permissions_new': '2148005952', 'permissions': 522304, 'name': 'Foozie', 'mentionable': False, 'managed': True, 'id': '836700944045047850', 'hoist': False, 'color': 0}], 'member_count': 3, 'stage_instances': [], 'vanity_url_code': None, 'region': 'russia', 'max_video_channel_users': 25, 'premium_tier': 0, 'icon': None, 'joined_at': '2021-04-27T20:30:50.307000+00:00', 'rules_channel_id': None, 'public_updates_channel_id': None, 'voice_states': [], 'premium_subscription_count': 0, 'banner': None, 'afk_channel_id': None, 'name': "SodiumNitrate's server", 'lazy': True, 'guild_hashes': {'version': 1, 'roles': {'omitted': False, 'hash': 'UixUC25paRY'}, 'metadata': {'omitted': False, 'hash': 'hOzaVyalORs'}, 'channels': {'omitted': False, 'hash': 'iUgSOSiaTLQ'}}, 'presences': [], 'default_message_notifications': 0, 'preferred_locale': 'en-US', 'members': [{'user': {'username': 'Foozie', 'id': '836700323267084288', 'discriminator': '5580', 'bot': True, 'avatar': None}, 'roles': ['836700944045047850'], 'mute': False, 'joined_at': '2021-04-27T20:30:50.307000+00:00', 'hoisted_role': None, 'deaf': False}], 'emojis': [], 'max_members': 250000, 'splash': None, 'afk_timeout': 300, 'description': None, 'large': False, 'channels': [{'type': 4, 'position': 0, 'permission_overwrites': [], 'name': 'Text Channels', 'id': '745397256647082194'}, {'type': 4, 'position': 0, 'permission_overwrites': [], 'name': 'Voice Channels', 'id': '745397256647082195'}, {'type': 0, 'topic': None, 'rate_limit_per_user': 0, 'position': 0, 'permission_overwrites': [], 'parent_id': '745397256647082194', 'name': 'general', 'last_message_id': '836700944599220254', 'id': '745397256647082196'}, {'user_limit': 0, 'type': 2, 'rtc_region': None, 'position': 0, 'permission_overwrites': [], 'parent_id': '745397256647082195', 'name': 'General', 'id': '745397256647082197', 'bitrate': 64000}, {'type': 0, 'topic': None, 'rate_limit_per_user': 0, 'position': 1, 'permission_overwrites': [], 'parent_id': '745397256647082194', 'name': 'texting', 'last_message_id': '837004320259178537', 'id': '836701058235236372'}], 'explicit_content_filter': 0, 'mfa_level': 0, 'discovery_splash': None, 'application_id': None, 'features': [], 'verification_level': 0, 'threads': [], 'system_channel_id': '745397256647082196', 'owner_id': '482612040708390913', 'id': '745397256169193493'}}
2021-04-28 19:40:15,746:DEBUG:discord.client: Dispatching event socket_response
2021-04-28 19:40:15,746:DEBUG:discord.client: Dispatching event guild_available
2021-04-28 19:40:17,755:DEBUG:discord.client: Dispatching event ready
